d:\_downloads\cg_hw2\cg_hw2\debug\vc141.pdb
d:\_downloads\cg_hw2\cg_hw2\debug\vc141.idb
d:\_downloads\cg_hw2\cg_hw2\debug\glm_helper.obj
d:\_downloads\cg_hw2\cg_hw2\debug\glm_util.obj
d:\_downloads\cg_hw2\cg_hw2\debug\glmimg_sim.obj
d:\_downloads\cg_hw2\cg_hw2\debug\glmimg_sdl.obj
d:\_downloads\cg_hw2\cg_hw2\debug\glmimg_png.obj
d:\_downloads\cg_hw2\cg_hw2\debug\glmimg_jpg.obj
d:\_downloads\cg_hw2\cg_hw2\debug\glmimg_devil.obj
d:\_downloads\cg_hw2\cg_hw2\debug\glmimg.obj
d:\_downloads\cg_hw2\cg_hw2\debug\glm.obj
d:\_downloads\cg_hw2\cg_hw2\debug\main.obj
d:\howard\圖學\hw2\cg_hw2\debug\vc141.pdb
d:\howard\圖學\hw2\cg_hw2\debug\vc141.idb
d:\howard\圖學\hw2\cg_hw2\debug\glm_helper.obj
d:\howard\圖學\hw2\cg_hw2\debug\glm_util.obj
d:\howard\圖學\hw2\cg_hw2\debug\glmimg_sim.obj
d:\howard\圖學\hw2\cg_hw2\debug\glmimg_sdl.obj
d:\howard\圖學\hw2\cg_hw2\debug\glmimg_png.obj
d:\howard\圖學\hw2\cg_hw2\debug\glmimg_jpg.obj
d:\howard\圖學\hw2\cg_hw2\debug\glmimg_devil.obj
d:\howard\圖學\hw2\cg_hw2\debug\glmimg.obj
d:\howard\圖學\hw2\cg_hw2\debug\glm.obj
d:\howard\圖學\hw2\cg_hw2\debug\main.obj
d:\_downloads\cg_hw2\debug\cg_hw2.exe
d:\_downloads\cg_hw2\debug\cg_hw2.ilk
d:\_downloads\cg_hw2\debug\cg_hw2.pdb
d:\howard\圖學\hw2\debug\cg_hw2.exe
d:\howard\圖學\hw2\debug\cg_hw2.ilk
d:\howard\圖學\hw2\debug\cg_hw2.pdb
d:\howard\圖學\hw2\cg_hw2\debug\cg_hw2.tlog\cl.command.1.tlog
d:\howard\圖學\hw2\cg_hw2\debug\cg_hw2.tlog\cl.read.1.tlog
d:\howard\圖學\hw2\cg_hw2\debug\cg_hw2.tlog\cl.write.1.tlog
d:\howard\圖學\hw2\cg_hw2\debug\cg_hw2.tlog\link.command.1.tlog
d:\howard\圖學\hw2\cg_hw2\debug\cg_hw2.tlog\link.read.1.tlog
d:\howard\圖學\hw2\cg_hw2\debug\cg_hw2.tlog\link.write.1.tlog
